<?xml version="1.0" encoding="UTF-8"?>
<!-- Generated by org.testng.reporters.JUnitReportReporter -->
<testsuite skipped="0" hostname="NAIL4701LP63QRG" name="com.testpractice.testcases.TableTest" tests="1" failures="0" timestamp="2021-01-20T22:31:27 CST" time="11.312" errors="0">
  <testcase name="ValidateTable" time="11.312" classname="com.testpractice.testcases.TableTest"/>
  <system-out/>
</testsuite> <!-- com.testpractice.testcases.TableTest -->
