<?xml version="1.0" encoding="UTF-8"?>
<!-- Generated by org.testng.reporters.JUnitReportReporter -->
<testsuite skipped="0" hostname="NAIL4701LP63QRG" name="com.testpractice.testcases.EndToEndTest" tests="2" failures="0" timestamp="2021-01-20T12:36:49 CST" time="27.037" errors="0">
  <testcase name="enterMotorcycleVehicleData" time="13.400" classname="com.testpractice.testcases.EndToEndTest"/>
  <system-out/>
  <testcase name="enterMotorcycleVehicleData" time="13.637" classname="com.testpractice.testcases.EndToEndTest"/>
  <system-out/>
</testsuite> <!-- com.testpractice.testcases.EndToEndTest -->
