<?xml version="1.0" encoding="UTF-8"?>
<!-- Generated by org.testng.reporters.JUnitReportReporter -->
<testsuite skipped="0" hostname="NAIL4701LP63QRG" name="com.testpractice.testcases.FramesTest" tests="1" failures="0" timestamp="2021-01-21T12:23:29 CST" time="14.008" errors="0">
  <testcase name="ValidateFrame" time="14.008" classname="com.testpractice.testcases.FramesTest"/>
  <system-out/>
</testsuite> <!-- com.testpractice.testcases.FramesTest -->
