<?xml version="1.0" encoding="UTF-8"?>
<!-- Generated by org.testng.reporters.JUnitReportReporter -->
<testsuite skipped="0" hostname="NAIL4701LP63QRG" name="com.testpractice.testcases.UploadFile" tests="1" failures="0" timestamp="2021-01-29T21:49:18 CST" time="13.648" errors="0">
  <testcase name="testUploads" time="13.648" classname="com.testpractice.testcases.UploadFile"/>
  <system-out/>
</testsuite> <!-- com.testpractice.testcases.UploadFile -->
